<?xml version="1.0" encoding="UTF-8"?>
<!-- Generated by org.testng.reporters.JUnitReportReporter -->
<testsuite hostname="DESKTOP-8VO5TDQ" failures="0" tests="1" name="Fitpeo.Assignment.TestCase" time="7.055" errors="0" timestamp="2024-11-24T12:21:41 IST" skipped="0">
  <testcase classname="Fitpeo.Assignment.TestCase" name="testcase1" time="7.055"/>
  <system-out/>
</testsuite> <!-- Fitpeo.Assignment.TestCase -->
